
**** Build of configuration Nios II for project rtc_socket ****

make all 
      2 [main] sh 14248 find_fast_cwd: WARNING: Couldn't compute FAST_CWD pointer.  Please report this problem to
the public mailing list cygwin@cygwin.com
     18 [main] sh 2300 find_fast_cwd: WARNING: Couldn't compute FAST_CWD pointer.  Please report this problem to
the public mailing list cygwin@cygwin.com
      1 [main] echo 8592 find_fast_cwd: WARNING: Couldn't compute FAST_CWD pointer.  Please report this problem to
Info: Building ../rtc_socket_bsp/
the public mailing list cygwin@cygwin.com
make --no-print-directory -C ../rtc_socket_bsp/
      1 [main] pwd 8308 find_fast_cwd: WARNING: Couldn't compute FAST_CWD pointer.  Please report this problem to
the public mailing list cygwin@cygwin.com
      1 [main] sh 12008 find_fast_cwd: WARNING: Couldn't compute FAST_CWD pointer.  Please report this problem to
the public mailing list cygwin@cygwin.com
      1 [main] sh 7420 find_fast_cwd: WARNING: Couldn't compute FAST_CWD pointer.  Please report this problem to
the public mailing list cygwin@cygwin.com
[BSP build complete]
      1 [main] echo 14008 find_fast_cwd: WARNING: Couldn't compute FAST_CWD pointer.  Please report this problem to
the public mailing list cygwin@cygwin.com
Info: Compiling LCD.c to obj/default/LCD.o
      1 [main] mkdir 1376 find_fast_cwd: WARNING: Couldn't compute FAST_CWD pointer.  Please report this problem to
the public mailing list cygwin@cygwin.com
nios2-elf-gcc -xc -MP -MMD -c -I../rtc_socket_bsp//iniche/inc -I../rtc_socket_bsp//iniche/src/h -I../rtc_socket_bsp//iniche/src/h/nios2 -I../rtc_socket_bsp//iniche/src/nios2 -I../rtc_socket_bsp//UCOSII/inc -I../rtc_socket_bsp//HAL/inc -I../rtc_socket_bsp/ -I../rtc_socket_bsp//drivers/inc  -DSYSTEM_BUS_WIDTH=32 -pipe -D__hal__ -DALT_NO_INSTRUCTION_EMULATION -DALT_INICHE -D__ucosii__    -O0 -g -Wall   -EL -mno-hw-div -mhw-mul -mno-hw-mulx  -o obj/default/LCD.o LCD.c
LCD.c: In function 'LCD_Test':
LCD.c:51: warning: unused variable 'Frase'
Info: Compiling SSS_DE2_115.c to obj/default/SSS_DE2_115.o
      1 [main] echo 14312 find_fast_cwd: WARNING: Couldn't compute FAST_CWD pointer.  Please report this problem to
nios2-elf-gcc -xc -MP -MMD -c -I../rtc_socket_bsp//iniche/inc -I../rtc_socket_bsp//iniche/src/h -I../rtc_socket_bsp//iniche/src/h/nios2 -I../rtc_socket_bsp//iniche/src/nios2 -I../rtc_socket_bsp//UCOSII/inc -I../rtc_socket_bsp//HAL/inc -I../rtc_socket_bsp/ -I../rtc_socket_bsp//drivers/inc  -DSYSTEM_BUS_WIDTH=32 -pipe -D__hal__ -DALT_NO_INSTRUCTION_EMULATION -DALT_INICHE -D__ucosii__    -O0 -g -Wall   -EL -mno-hw-div -mhw-mul -mno-hw-mulx  -o obj/default/SSS_DE2_115.o SSS_DE2_115.c
the public mailing list cygwin@cygwin.com
Info: Compiling alt_error_handler.c to obj/default/alt_error_handler.o
      1 [main] mkdir 4728 find_fast_cwd: WARNING: Couldn't compute FAST_CWD pointer.  Please report this problem to
nios2-elf-gcc -xc -MP -MMD -c -I../rtc_socket_bsp//iniche/inc -I../rtc_socket_bsp//iniche/src/h -I../rtc_socket_bsp//iniche/src/h/nios2 -I../rtc_socket_bsp//iniche/src/nios2 -I../rtc_socket_bsp//UCOSII/inc -I../rtc_socket_bsp//HAL/inc -I../rtc_socket_bsp/ -I../rtc_socket_bsp//drivers/inc  -DSYSTEM_BUS_WIDTH=32 -pipe -D__hal__ -DALT_NO_INSTRUCTION_EMULATION -DALT_INICHE -D__ucosii__    -O0 -g -Wall   -EL -mno-hw-div -mhw-mul -mno-hw-mulx  -o obj/default/alt_error_handler.o alt_error_handler.c
the public mailing list cygwin@cygwin.com
Info: Compiling dm9000a.c to obj/default/dm9000a.o
      1 [main] echo 15192 find_fast_cwd: WARNING: Couldn't compute FAST_CWD pointer.  Please report this problem to
nios2-elf-gcc -xc -MP -MMD -c -I../rtc_socket_bsp//iniche/inc -I../rtc_socket_bsp//iniche/src/h -I../rtc_socket_bsp//iniche/src/h/nios2 -I../rtc_socket_bsp//iniche/src/nios2 -I../rtc_socket_bsp//UCOSII/inc -I../rtc_socket_bsp//HAL/inc -I../rtc_socket_bsp/ -I../rtc_socket_bsp//drivers/inc  -DSYSTEM_BUS_WIDTH=32 -pipe -D__hal__ -DALT_NO_INSTRUCTION_EMULATION -DALT_INICHE -D__ucosii__    -O0 -g -Wall   -EL -mno-hw-div -mhw-mul -mno-hw-mulx  -o obj/default/dm9000a.o dm9000a.c
the public mailing list cygwin@cygwin.com
      1 [main] mkdir 10712 find_fast_cwd: WARNING: Couldn't compute FAST_CWD pointer.  Please report this problem to
the public mailing list cygwin@cygwin.com
      1 [main] echo 14404 find_fast_cwd: WARNING: Couldn't compute FAST_CWD pointer.  Please report this problem to
the public mailing list cygwin@cygwin.com
      1 [main] mkdir 3936 find_fast_cwd: WARNING: Couldn't compute FAST_CWD pointer.  Please report this problem to
the public mailing list cygwin@cygwin.com
dm9000a.c: In function 'prep_dm9000a':
dm9000a.c:186: warning: pointer targets in assignment differ in signedness
dm9000a.c:204: warning: pointer targets in passing argument 2 of 'get_mac_addr' differ in signedness
dm9000a.c: In function 'dm9000a_isr':
dm9000a.c:281: warning: pointer targets in initialization differ in signedness
dm9000a.c: In function 'dm9ka_init':
dm9000a.c:379: warning: pointer targets in passing argument 1 of 'dm9000a_reset' differ in signedness
dm9000a.c:382: warning: implicit declaration of function 'alt_irq_register'
dm9000a.c: In function 'dm9ka_pkt_send':
dm9000a.c:453: warning: pointer targets in passing argument 1 of 'TransmitPacket' differ in signedness
      1 [main] echo 3368 find_fast_cwd: WARNING: Couldn't compute FAST_CWD pointer.  Please report this problem to
Info: Compiling iniche_init.c to obj/default/iniche_init.o
the public mailing list cygwin@cygwin.com
      1 [main] mkdir 17512 find_fast_cwd: WARNING: Couldn't compute FAST_CWD pointer.  Please report this problem to
nios2-elf-gcc -xc -MP -MMD -c -I../rtc_socket_bsp//iniche/inc -I../rtc_socket_bsp//iniche/src/h -I../rtc_socket_bsp//iniche/src/h/nios2 -I../rtc_socket_bsp//iniche/src/nios2 -I../rtc_socket_bsp//UCOSII/inc -I../rtc_socket_bsp//HAL/inc -I../rtc_socket_bsp/ -I../rtc_socket_bsp//drivers/inc  -DSYSTEM_BUS_WIDTH=32 -pipe -D__hal__ -DALT_NO_INSTRUCTION_EMULATION -DALT_INICHE -D__ucosii__    -O0 -g -Wall   -EL -mno-hw-div -mhw-mul -mno-hw-mulx  -o obj/default/iniche_init.o iniche_init.c
the public mailing list cygwin@cygwin.com
iniche_init.c:24:23: warning: arpa/inet.h: No such file or directory
iniche_init.c:25:24: warning: netinet/in.h: No such file or directory
Info: Compiling led.c to obj/default/led.o
iniche_init.c:29:24: warning: sys/socket.h: No such file or directory
iniche_init.c: In function 'SSSInitialTask':
iniche_init.c:130: warning: implicit declaration of function 'inet_addr'
iniche_init.c:152: warning: unused variable 'MAX_VALUE'
iniche_init.c: In function 'main':
iniche_init.c:219: warning: unused variable 'error_code2'
      1 [main] echo 4856 find_fast_cwd: WARNING: Couldn't compute FAST_CWD pointer.  Please report this problem to
nios2-elf-gcc -xc -MP -MMD -c -I../rtc_socket_bsp//iniche/inc -I../rtc_socket_bsp//iniche/src/h -I../rtc_socket_bsp//iniche/src/h/nios2 -I../rtc_socket_bsp//iniche/src/nios2 -I../rtc_socket_bsp//UCOSII/inc -I../rtc_socket_bsp//HAL/inc -I../rtc_socket_bsp/ -I../rtc_socket_bsp//drivers/inc  -DSYSTEM_BUS_WIDTH=32 -pipe -D__hal__ -DALT_NO_INSTRUCTION_EMULATION -DALT_INICHE -D__ucosii__    -O0 -g -Wall   -EL -mno-hw-div -mhw-mul -mno-hw-mulx  -o obj/default/led.o led.c
the public mailing list cygwin@cygwin.com
Info: Compiling network_utilities.c to obj/default/network_utilities.o
      1 [main] mkdir 15512 find_fast_cwd: WARNING: Couldn't compute FAST_CWD pointer.  Please report this problem to
the public mailing list cygwin@cygwin.com
led.c: In function 'LED7SegLightshowTask':
led.c:97: warning: unused variable 'led_7_seg_val'
nios2-elf-gcc -xc -MP -MMD -c -I../rtc_socket_bsp//iniche/inc -I../rtc_socket_bsp//iniche/src/h -I../rtc_socket_bsp//iniche/src/h/nios2 -I../rtc_socket_bsp//iniche/src/nios2 -I../rtc_socket_bsp//UCOSII/inc -I../rtc_socket_bsp//HAL/inc -I../rtc_socket_bsp/ -I../rtc_socket_bsp//drivers/inc  -DSYSTEM_BUS_WIDTH=32 -pipe -D__hal__ -DALT_NO_INSTRUCTION_EMULATION -DALT_INICHE -D__ucosii__    -O0 -g -Wall   -EL -mno-hw-div -mhw-mul -mno-hw-mulx  -o obj/default/network_utilities.o network_utilities.c
      1 [main] echo 9024 find_fast_cwd: WARNING: Couldn't compute FAST_CWD pointer.  Please report this problem to
Info: Compiling simple_socket_server.c to obj/default/simple_socket_server.o
the public mailing list cygwin@cygwin.com
nios2-elf-gcc -xc -MP -MMD -c -I../rtc_socket_bsp//iniche/inc -I../rtc_socket_bsp//iniche/src/h -I../rtc_socket_bsp//iniche/src/h/nios2 -I../rtc_socket_bsp//iniche/src/nios2 -I../rtc_socket_bsp//UCOSII/inc -I../rtc_socket_bsp//HAL/inc -I../rtc_socket_bsp/ -I../rtc_socket_bsp//drivers/inc  -DSYSTEM_BUS_WIDTH=32 -pipe -D__hal__ -DALT_NO_INSTRUCTION_EMULATION -DALT_INICHE -D__ucosii__    -O0 -g -Wall   -EL -mno-hw-div -mhw-mul -mno-hw-mulx  -o obj/default/simple_socket_server.o simple_socket_server.c
      2 [main] mkdir 7588 find_fast_cwd: WARNING: Couldn't compute FAST_CWD pointer.  Please report this problem to
the public mailing list cygwin@cygwin.com
      1 [main] echo 5276 find_fast_cwd: WARNING: Couldn't compute FAST_CWD pointer.  Please report this problem to
the public mailing list cygwin@cygwin.com
      1 [main] mkdir 14200 find_fast_cwd: WARNING: Couldn't compute FAST_CWD pointer.  Please report this problem to
the public mailing list cygwin@cygwin.com
simple_socket_server.c: In function 'sss_send_menu':
simple_socket_server.c:194: warning: pointer targets in passing argument 1 of 'sprintf' differ in signedness
simple_socket_server.c:195: warning: pointer targets in passing argument 1 of 'sprintf' differ in signedness
simple_socket_server.c:196: warning: pointer targets in passing argument 1 of 'sprintf' differ in signedness
simple_socket_server.c:197: warning: pointer targets in passing argument 1 of 'sprintf' differ in signedness
simple_socket_server.c:198: warning: pointer targets in passing argument 1 of 'sprintf' differ in signedness
simple_socket_server.c:199: warning: pointer targets in passing argument 1 of 'sprintf' differ in signedness
simple_socket_server.c:200: warning: pointer targets in passing argument 1 of 'sprintf' differ in signedness
simple_socket_server.c:201: warning: pointer targets in passing argument 1 of 'sprintf' differ in signedness
simple_socket_server.c:203: warning: pointer targets in passing argument 2 of 't_send' differ in signedness
simple_socket_server.c: In function 'sss_exec_command':
simple_socket_server.c:295: warning: pointer targets in passing argument 1 of 'sprintf' differ in signedness
simple_socket_server.c:298: warning: pointer targets in passing argument 1 of 'sprintf' differ in signedness
simple_socket_server.c:310: warning: pointer targets in passing argument 2 of 't_send' differ in signedness
simple_socket_server.c: In function 'sss_handle_receive':
simple_socket_server.c:349: warning: pointer targets in passing argument 1 of 'strchr' differ in signedness
Info: Compiling tse_my_system.c to obj/default/tse_my_system.o
simple_socket_server.c:349: warning: pointer targets in assignment differ in signedness
simple_socket_server.c:359: warning: pointer targets in passing argument 2 of 't_recv' differ in signedness
nios2-elf-gcc -xc -MP -MMD -c -I../rtc_socket_bsp//iniche/inc -I../rtc_socket_bsp//iniche/src/h -I../rtc_socket_bsp//iniche/src/h/nios2 -I../rtc_socket_bsp//iniche/src/nios2 -I../rtc_socket_bsp//UCOSII/inc -I../rtc_socket_bsp//HAL/inc -I../rtc_socket_bsp/ -I../rtc_socket_bsp//drivers/inc  -DSYSTEM_BUS_WIDTH=32 -pipe -D__hal__ -DALT_NO_INSTRUCTION_EMULATION -DALT_INICHE -D__ucosii__    -O0 -g -Wall   -EL -mno-hw-div -mhw-mul -mno-hw-mulx  -o obj/default/tse_my_system.o tse_my_system.c
      1 [main] echo 5412 find_fast_cwd: WARNING: Couldn't compute FAST_CWD pointer.  Please report this problem to
Info: Linking rtc_socket.elf
the public mailing list cygwin@cygwin.com
nios2-elf-g++  -T'../rtc_socket_bsp//linker.x' -msys-crt0='../rtc_socket_bsp//obj/HAL/src/crt0.o' -msys-lib=ucosii_bsp -L../rtc_socket_bsp/   -Wl,-Map=rtc_socket.map   -O0 -g -Wall   -EL -mno-hw-div -mhw-mul -mno-hw-mulx  -o rtc_socket.elf obj/default/LCD.o obj/default/SSS_DE2_115.o obj/default/alt_error_handler.o obj/default/dm9000a.o obj/default/iniche_init.o obj/default/led.o obj/default/network_utilities.o obj/default/simple_socket_server.o obj/default/tse_my_system.o -lm 
      1 [main] mkdir 18152 find_fast_cwd: WARNING: Couldn't compute FAST_CWD pointer.  Please report this problem to
nios2-elf-insert rtc_socket.elf --thread_model ucosii --cpu_name cpu_0 --qsys true --simulation_enabled false --id 0 --sidp 0x1a82108 --timestamp 1720014886 --stderr_dev jtag_uart_0 --stdin_dev jtag_uart_0 --stdout_dev jtag_uart_0 --sopc_system_name system_0 --quartus_project_dir "D:/UTFPR/8/logica_reconfiguravel/lab/proj-final/DE2_NET" --jdi D:/UTFPR/8/logica_reconfiguravel/lab/proj-final/DE2_NET/DE2_NET.jdi --sopcinfo D:/UTFPR/8/logica_reconfiguravel/lab/proj-final/DE2_NET/system_0.sopcinfo
the public mailing list cygwin@cygwin.com
      1 [main] true 1464 find_fast_cwd: WARNING: Couldn't compute FAST_CWD pointer.  Please report this problem to
the public mailing list cygwin@cygwin.com
      1 [main] echo 7452 find_fast_cwd: WARNING: Couldn't compute FAST_CWD pointer.  Please report this problem to
the public mailing list cygwin@cygwin.com
      1 [main] sh 5772 find_fast_cwd: WARNING: Couldn't compute FAST_CWD pointer.  Please report this problem to
the public mailing list cygwin@cygwin.com
      2 [main] uname 17028 find_fast_cwd: WARNING: Couldn't compute FAST_CWD pointer.  Please report this problem to
the public mailing list cygwin@cygwin.com
      1 [main] sh 4204 find_fast_cwd: WARNING: Couldn't compute FAST_CWD pointer.  Please report this problem to
the public mailing list cygwin@cygwin.com
Info: (rtc_socket.elf) 359 KBytes program size (code + initialized data).
Info:                  7832 KBytes free for stack + heap.
      2 [main] echo 1232 find_fast_cwd: WARNING: Couldn't compute FAST_CWD pointer.  Please report this problem to
the public mailing list cygwin@cygwin.com
Info: Creating rtc_socket.objdump
nios2-elf-objdump --disassemble --syms --all-header --source rtc_socket.elf >rtc_socket.objdump
      1 [main] sh 18296 find_fast_cwd: WARNING: Couldn't compute FAST_CWD pointer.  Please report this problem to
the public mailing list cygwin@cygwin.com
      1 [main] sh 14912 find_fast_cwd: WARNING: Couldn't compute FAST_CWD pointer.  Please report this problem to
the public mailing list cygwin@cygwin.com
[rtc_socket build complete]

**** Build Finished ****
